<?xml version="1.0" encoding="UTF-8"?>
<testng-results ignored="0" total="1" passed="1" failed="0" skipped="0">
  <reporter-output>
  </reporter-output>
  <suite started-at="2023-02-28T01:27:13 EST" name="Functionaltestingsuite" finished-at="2023-02-28T01:27:18 EST" duration-ms="5418">
    <groups>
    </groups>
    <test started-at="2023-02-28T01:27:13 EST" name="Regressiontesting" finished-at="2023-02-28T01:27:18 EST" duration-ms="5399">
      <class name="trainingCourse.AutomationPractice.Property">
        <test-method is-config="true" signature="Browsers(java.lang.String,java.lang.String)[pri:0, instance:trainingCourse.AutomationPractice.Property@74455848]" started-at="2023-02-28T01:27:13 EST" name="Browsers" finished-at="2023-02-28T01:27:15 EST" duration-ms="2188" status="PASS">
          <params>
            <param index="0">
              <value>
                <![CDATA[Chrome]]>
              </value>
            </param>
            <param index="1">
              <value>
                <![CDATA[http://www.facebook.com]]>
              </value>
            </param>
          </params>
          <reporter-output>
          </reporter-output>
        </test-method> <!-- Browsers -->
        <test-method signature="f()[pri:0, instance:trainingCourse.AutomationPractice.Property@74455848]" started-at="2023-02-28T01:27:15 EST" name="f" finished-at="2023-02-28T01:27:15 EST" duration-ms="46" status="PASS">
          <reporter-output>
          </reporter-output>
        </test-method> <!-- f -->
        <test-method is-config="true" signature="afterMethod()[pri:0, instance:trainingCourse.AutomationPractice.Property@74455848]" started-at="2023-02-28T01:27:15 EST" name="afterMethod" finished-at="2023-02-28T01:27:18 EST" duration-ms="3007" status="PASS">
          <reporter-output>
          </reporter-output>
        </test-method> <!-- afterMethod -->
      </class> <!-- trainingCourse.AutomationPractice.Property -->
    </test> <!-- Regressiontesting -->
    <test started-at="2023-02-28T01:27:18 EST" name="RegressiontestingEdge" finished-at="2023-02-28T01:27:18 EST" duration-ms="0">
    </test> <!-- RegressiontestingEdge -->
  </suite> <!-- Functionaltestingsuite -->
</testng-results>
